<?xml version="1.0" encoding="UTF-8"?>
<!-- Generated by org.testng.reporters.JUnitXMLReporter -->
<testsuite ignored="0" hostname="DESKTOP-LEMFH8O" failures="1" tests="1" name="Test" time="10.848" errors="0" timestamp="2023-04-27T20:54:36 IST">
  <testcase classname="TEST_SCRIPT.Login_script" name="test" time="2.468">
    <failure type="java.lang.AssertionError" message="null">
      <![CDATA[java.lang.AssertionError: null
at TEST_SCRIPT.Login_script.test(Login_script.java:19)
at java.base/java.util.ArrayList.forEach(ArrayList.java:1511)
... Removed 29 stack frames]]>
    </failure>
  </testcase> <!-- test -->
</testsuite> <!-- Test -->
